<?xml version="1.0" encoding="UTF-8"?>
<!-- Generated by org.testng.reporters.JUnitReportReporter -->
<testsuite hostname="DESKTOP-C1T2VLJ" failures="0" tests="1" name="com.store.TestCases.TC_indexPage_001" time="4.973" errors="0" timestamp="2023-06-04T20:01:03 IST" skipped="0">
  <testcase classname="com.store.TestCases.TC_indexPage_001" name="VerifySignIn" time="4.973"/>
  <system-out/>
</testsuite> <!-- com.store.TestCases.TC_indexPage_001 -->
